2026-03-15 00:05:18.764 [http-nio-8082-exec-1] INFO  o.a.c.c.C.[Tomcat].[localhost].[/] - Initializing Spring DispatcherServlet 'dispatcherServlet'
2026-03-15 00:05:18.770 [http-nio-8082-exec-1] INFO  o.s.web.servlet.DispatcherServlet - Initializing Servlet 'dispatcherServlet'
2026-03-15 00:05:18.772 [http-nio-8082-exec-1] INFO  o.s.web.servlet.DispatcherServlet - Completed initialization in 2 ms
2026-03-15 00:05:21.136 [http-nio-8082-exec-2] INFO  c.u.v.m.u.controller.UserController - 退出登录成功: userId=1
2026-03-15 00:05:31.435 [http-nio-8082-exec-3] INFO  c.u.v.m.u.controller.UserController - 手机号登录成功: 老用户 userId=2, phone=13800138002
2026-03-15 00:05:35.527 [http-nio-8082-exec-5] INFO  c.u.v.m.u.controller.UserController - 退出登录成功: userId=2
2026-03-15 00:05:38.245 [http-nio-8082-exec-6] INFO  c.u.v.m.a.controller.AdminController - 获取帖子列表成功: page=1, status=null, categoryId=null, keyword=
2026-03-15 00:09:26.497 [http-nio-8082-exec-8] INFO  c.u.v.m.u.controller.UserController - 退出登录成功: userId=2
2026-03-15 00:09:31.411 [http-nio-8082-exec-10] INFO  c.u.v.m.a.controller.AdminController - 获取帖子列表成功: page=1, status=null, categoryId=null, keyword=
2026-03-15 00:10:50.754 [http-nio-8082-exec-3] INFO  o.s.api.AbstractOpenApiResource - Init duration for springdoc-openapi is: 639 ms
2026-03-15 00:10:50.783 [http-nio-8082-exec-3] ERROR c.u.v.e.GlobalExceptionHandler - 服务器内部错误 ServletOutputStream failed to write: java.io.IOException: 你的主机中的软件中止了一个已建立的连接。
org.springframework.web.context.request.async.AsyncRequestNotUsableException: ServletOutputStream failed to write: java.io.IOException: 你的主机中的软件中止了一个已建立的连接。
	at org.springframework.web.context.request.async.StandardServletAsyncWebRequest$LifecycleHttpServletResponse.handleIOException(StandardServletAsyncWebRequest.java:346)
	at org.springframework.web.context.request.async.StandardServletAsyncWebRequest$LifecycleServletOutputStream.write(StandardServletAsyncWebRequest.java:404)
	at java.base/java.io.OutputStream.write(OutputStream.java:127)
	at org.springframework.util.StreamUtils.copy(StreamUtils.java:119)
	at org.springframework.http.converter.ByteArrayHttpMessageConverter.writeInternal(ByteArrayHttpMessageConverter.java:67)
	at org.springframework.http.converter.ByteArrayHttpMessageConverter.writeInternal(ByteArrayHttpMessageConverter.java:38)
	at org.springframework.http.converter.AbstractHttpMessageConverter.write(AbstractHttpMessageConverter.java:235)
	at org.springframework.web.servlet.mvc.method.annotation.AbstractMessageConverterMethodProcessor.writeWithMessageConverters(AbstractMessageConverterMethodProcessor.java:344)
	at org.springframework.web.servlet.mvc.method.annotation.RequestResponseBodyMethodProcessor.handleReturnValue(RequestResponseBodyMethodProcessor.java:208)
	at org.springframework.web.method.support.HandlerMethodReturnValueHandlerComposite.handleReturnValue(HandlerMethodReturnValueHandlerComposite.java:78)
	at org.springframework.web.servlet.mvc.method.annotation.ServletInvocableHandlerMethod.invokeAndHandle(ServletInvocableHandlerMethod.java:136)
	at org.springframework.web.servlet.mvc.method.annotation.RequestMappingHandlerAdapter.invokeHandlerMethod(RequestMappingHandlerAdapter.java:991)
	at org.springframework.web.servlet.mvc.method.annotation.RequestMappingHandlerAdapter.handleInternal(RequestMappingHandlerAdapter.java:896)
	at org.springframework.web.servlet.mvc.method.AbstractHandlerMethodAdapter.handle(AbstractHandlerMethodAdapter.java:87)
	at org.springframework.web.servlet.DispatcherServlet.doDispatch(DispatcherServlet.java:1089)
	at org.springframework.web.servlet.DispatcherServlet.doService(DispatcherServlet.java:979)
	at org.springframework.web.servlet.FrameworkServlet.processRequest(FrameworkServlet.java:1014)
	at org.springframework.web.servlet.FrameworkServlet.doGet(FrameworkServlet.java:903)
	at jakarta.servlet.http.HttpServlet.service(HttpServlet.java:564)
	at org.springframework.web.servlet.FrameworkServlet.service(FrameworkServlet.java:885)
	at jakarta.servlet.http.HttpServlet.service(HttpServlet.java:658)
	at org.apache.catalina.core.ApplicationFilterChain.internalDoFilter(ApplicationFilterChain.java:193)
	at org.apache.catalina.core.ApplicationFilterChain.doFilter(ApplicationFilterChain.java:138)
	at org.apache.tomcat.websocket.server.WsFilter.doFilter(WsFilter.java:51)
	at org.apache.catalina.core.ApplicationFilterChain.internalDoFilter(ApplicationFilterChain.java:162)
	at org.apache.catalina.core.ApplicationFilterChain.doFilter(ApplicationFilterChain.java:138)
	at org.springframework.web.filter.RequestContextFilter.doFilterInternal(RequestContextFilter.java:100)
	at org.springframework.web.filter.OncePerRequestFilter.doFilter(OncePerRequestFilter.java:116)
	at org.apache.catalina.core.ApplicationFilterChain.internalDoFilter(ApplicationFilterChain.java:162)
	at org.apache.catalina.core.ApplicationFilterChain.doFilter(ApplicationFilterChain.java:138)
	at org.springframework.web.filter.FormContentFilter.doFilterInternal(FormContentFilter.java:93)
	at org.springframework.web.filter.OncePerRequestFilter.doFilter(OncePerRequestFilter.java:116)
	at org.apache.catalina.core.ApplicationFilterChain.internalDoFilter(ApplicationFilterChain.java:162)
	at org.apache.catalina.core.ApplicationFilterChain.doFilter(ApplicationFilterChain.java:138)
	at org.springframework.web.filter.ServerHttpObservationFilter.doFilterInternal(ServerHttpObservationFilter.java:110)
	at org.springframework.web.filter.OncePerRequestFilter.doFilter(OncePerRequestFilter.java:116)
	at org.apache.catalina.core.ApplicationFilterChain.internalDoFilter(ApplicationFilterChain.java:162)
	at org.apache.catalina.core.ApplicationFilterChain.doFilter(ApplicationFilterChain.java:138)
	at org.springframework.web.filter.CharacterEncodingFilter.doFilterInternal(CharacterEncodingFilter.java:201)
	at org.springframework.web.filter.OncePerRequestFilter.doFilter(OncePerRequestFilter.java:116)
	at org.apache.catalina.core.ApplicationFilterChain.internalDoFilter(ApplicationFilterChain.java:162)
	at org.apache.catalina.core.ApplicationFilterChain.doFilter(ApplicationFilterChain.java:138)
	at org.apache.catalina.core.StandardWrapperValve.invoke(StandardWrapperValve.java:165)
	at org.apache.catalina.core.StandardContextValve.invoke(StandardContextValve.java:88)
	at org.apache.catalina.authenticator.AuthenticatorBase.invoke(AuthenticatorBase.java:482)
	at org.apache.catalina.core.StandardHostValve.invoke(StandardHostValve.java:113)
	at org.apache.catalina.valves.ErrorReportValve.invoke(ErrorReportValve.java:83)
	at org.apache.catalina.core.StandardEngineValve.invoke(StandardEngineValve.java:72)
	at org.apache.catalina.connector.CoyoteAdapter.service(CoyoteAdapter.java:342)
	at org.apache.coyote.http11.Http11Processor.service(Http11Processor.java:399)
	at org.apache.coyote.AbstractProcessorLight.process(AbstractProcessorLight.java:63)
	at org.apache.coyote.AbstractProtocol$ConnectionHandler.process(AbstractProtocol.java:903)
	at org.apache.tomcat.util.net.NioEndpoint$SocketProcessor.doRun(NioEndpoint.java:1774)
	at org.apache.tomcat.util.net.SocketProcessorBase.run(SocketProcessorBase.java:52)
	at org.apache.tomcat.util.threads.ThreadPoolExecutor.runWorker(ThreadPoolExecutor.java:973)
	at org.apache.tomcat.util.threads.ThreadPoolExecutor$Worker.run(ThreadPoolExecutor.java:491)
	at org.apache.tomcat.util.threads.TaskThread$WrappingRunnable.run(TaskThread.java:63)
	at java.base/java.lang.Thread.run(Thread.java:833)
Caused by: org.apache.catalina.connector.ClientAbortException: java.io.IOException: 你的主机中的软件中止了一个已建立的连接。
	at org.apache.catalina.connector.OutputBuffer.realWriteBytes(OutputBuffer.java:340)
	at org.apache.catalina.connector.OutputBuffer.appendByteArray(OutputBuffer.java:745)
	at org.apache.catalina.connector.OutputBuffer.append(OutputBuffer.java:666)
	at org.apache.catalina.connector.OutputBuffer.writeBytes(OutputBuffer.java:375)
	at org.apache.catalina.connector.OutputBuffer.write(OutputBuffer.java:353)
	at org.apache.catalina.connector.CoyoteOutputStream.write(CoyoteOutputStream.java:99)
	at org.springframework.web.context.request.async.StandardServletAsyncWebRequest$LifecycleServletOutputStream.write(StandardServletAsyncWebRequest.java:401)
	... 56 common frames omitted
Caused by: java.io.IOException: 你的主机中的软件中止了一个已建立的连接。
	at java.base/sun.nio.ch.SocketDispatcher.write0(Native Method)
	at java.base/sun.nio.ch.SocketDispatcher.write(SocketDispatcher.java:54)
	at java.base/sun.nio.ch.IOUtil.writeFromNativeBuffer(IOUtil.java:132)
	at java.base/sun.nio.ch.IOUtil.write(IOUtil.java:97)
	at java.base/sun.nio.ch.IOUtil.write(IOUtil.java:53)
	at java.base/sun.nio.ch.SocketChannelImpl.write(SocketChannelImpl.java:532)
	at org.apache.tomcat.util.net.NioChannel.write(NioChannel.java:125)
	at org.apache.tomcat.util.net.NioEndpoint$NioSocketWrapper.doWrite(NioEndpoint.java:1413)
	at org.apache.tomcat.util.net.SocketWrapperBase.doWrite(SocketWrapperBase.java:748)
	at org.apache.tomcat.util.net.SocketWrapperBase.writeBlocking(SocketWrapperBase.java:588)
	at org.apache.tomcat.util.net.SocketWrapperBase.write(SocketWrapperBase.java:536)
	at org.apache.coyote.http11.Http11OutputBuffer$SocketOutputBuffer.doWrite(Http11OutputBuffer.java:548)
	at org.apache.coyote.http11.filters.IdentityOutputFilter.doWrite(IdentityOutputFilter.java:71)
	at org.apache.coyote.http11.Http11OutputBuffer.doWrite(Http11OutputBuffer.java:193)
	at org.apache.coyote.Response.doWrite(Response.java:621)
	at org.apache.catalina.connector.OutputBuffer.realWriteBytes(OutputBuffer.java:328)
	... 62 common frames omitted
2026-03-15 00:11:27.828 [http-nio-8082-exec-7] INFO  c.u.v.m.u.controller.UserController - 手机号登录成功: 老用户 userId=1, phone=13800138001
2026-03-15 00:11:32.810 [http-nio-8082-exec-9] INFO  c.u.v.m.u.controller.UserController - 退出登录成功: userId=1
2026-03-15 00:11:40.958 [http-nio-8082-exec-1] INFO  c.u.v.m.u.controller.UserController - 手机号登录成功: 老用户 userId=1, phone=13800138001
2026-03-15 00:11:55.351 [http-nio-8082-exec-3] INFO  c.u.v.m.a.controller.AdminController - 获取帖子列表成功: page=1, status=null, categoryId=null, keyword=
2026-03-15 00:14:26.615 [http-nio-8082-exec-8] INFO  c.u.v.m.u.controller.UserController - 手机号登录成功: 老用户 userId=2, phone=13800138002
2026-03-15 00:14:29.794 [http-nio-8082-exec-10] INFO  c.u.v.m.u.controller.UserController - 退出登录成功: userId=2
2026-03-15 00:14:32.890 [http-nio-8082-exec-2] INFO  c.u.v.m.a.controller.AdminController - 获取帖子列表成功: page=1, status=null, categoryId=null, keyword=
2026-03-15 00:17:18.543 [http-nio-8082-exec-7] INFO  c.u.v.m.u.controller.UserController - 手机号登录成功: 老用户 userId=1, phone=13800138001
2026-03-15 00:17:21.749 [http-nio-8082-exec-9] INFO  c.u.v.m.u.controller.UserController - 退出登录成功: userId=1
2026-03-15 00:17:24.770 [http-nio-8082-exec-1] INFO  c.u.v.m.a.controller.AdminController - 获取帖子列表成功: page=1, status=null, categoryId=null, keyword=
2026-03-15 00:18:37.063 [http-nio-8082-exec-5] INFO  c.u.v.m.u.controller.UserController - 获取所有用户信息成功: page=1, pageSize=20
2026-03-15 00:20:51.790 [http-nio-8082-exec-7] INFO  c.u.v.m.u.controller.UserController - 获取所有用户信息成功: page=1, pageSize=20
2026-03-15 00:22:27.802 [http-nio-8082-exec-3] INFO  c.u.v.m.u.controller.UserController - 获取所有用户信息成功: page=1, pageSize=20
2026-03-15 00:25:37.806 [http-nio-8082-exec-4] INFO  c.u.v.m.u.controller.UserController - 获取所有用户信息成功: page=1, pageSize=20
2026-03-15 00:32:37.923 [SpringApplicationShutdownHook] INFO  o.s.b.w.e.tomcat.GracefulShutdown - Commencing graceful shutdown. Waiting for active requests to complete
2026-03-15 00:32:39.666 [tomcat-shutdown] INFO  o.s.b.w.e.tomcat.GracefulShutdown - Graceful shutdown complete
2026-03-15 00:32:39.788 [SpringApplicationShutdownHook] INFO  com.zaxxer.hikari.HikariDataSource - HikariPool-5 - Shutdown initiated...
2026-03-15 00:32:39.790 [SpringApplicationShutdownHook] INFO  com.zaxxer.hikari.HikariDataSource - HikariPool-5 - Shutdown completed.
2026-03-15 10:05:54.029 [background-preinit] INFO  o.h.validator.internal.util.Version - HV000001: Hibernate Validator 8.0.3.Final
2026-03-15 10:05:54.123 [restartedMain] INFO  c.u.v.VrClassroomBackendApplication - Starting VrClassroomBackendApplication using Java 17.0.8 with PID 60564 (P:\CODE\School\ZDD\Task\VR教室\vr-classroom-backend\target\classes started by 23790 in P:\CODE\School\ZDD\Task\VR教室\vr-classroom-backend)
2026-03-15 10:05:54.125 [restartedMain] DEBUG c.u.v.VrClassroomBackendApplication - Running with Spring Boot v3.5.9, Spring v6.2.15
2026-03-15 10:05:54.126 [restartedMain] INFO  c.u.v.VrClassroomBackendApplication - The following 1 profile is active: "dev"
2026-03-15 10:05:54.198 [restartedMain] INFO  o.s.b.d.e.DevToolsPropertyDefaultsPostProcessor - Devtools property defaults active! Set 'spring.devtools.add-properties' to 'false' to disable
2026-03-15 10:05:54.199 [restartedMain] INFO  o.s.b.d.e.DevToolsPropertyDefaultsPostProcessor - For additional web related logging consider setting the 'logging.level.web' property to 'DEBUG'
2026-03-15 10:05:55.646 [restartedMain] INFO  o.s.d.r.c.RepositoryConfigurationDelegate - Multiple Spring Data modules found, entering strict repository configuration mode
2026-03-15 10:05:55.650 [restartedMain] INFO  o.s.d.r.c.RepositoryConfigurationDelegate - Bootstrapping Spring Data Redis repositories in DEFAULT mode.
2026-03-15 10:05:55.701 [restartedMain] INFO  o.s.d.r.c.RepositoryConfigurationDelegate - Finished Spring Data repository scanning in 31 ms. Found 0 Redis repository interfaces.
2026-03-15 10:05:56.832 [restartedMain] INFO  o.s.b.w.e.tomcat.TomcatWebServer - Tomcat initialized with port 8082 (http)
2026-03-15 10:05:56.854 [restartedMain] INFO  o.a.coyote.http11.Http11NioProtocol - Initializing ProtocolHandler ["http-nio-8082"]
2026-03-15 10:05:56.858 [restartedMain] INFO  o.a.catalina.core.StandardService - Starting service [Tomcat]
2026-03-15 10:05:56.858 [restartedMain] INFO  o.a.catalina.core.StandardEngine - Starting Servlet engine: [Apache Tomcat/10.1.50]
2026-03-15 10:05:56.934 [restartedMain] INFO  o.a.c.c.C.[Tomcat].[localhost].[/] - Initializing Spring embedded WebApplicationContext
2026-03-15 10:05:56.935 [restartedMain] INFO  o.s.b.w.s.c.ServletWebServerApplicationContext - Root WebApplicationContext: initialization completed in 2735 ms
2026-03-15 10:05:57.271 [restartedMain] INFO  c.u.v.config.RedisConfig - === 创建Redis连接工厂 ===
2026-03-15 10:05:57.271 [restartedMain] INFO  c.u.v.config.RedisConfig - Redis配置: host=localhost, port=6379, password=123456, database=0
2026-03-15 10:05:57.664 [restartedMain] INFO  c.u.v.config.RedisConfig - === 开始检查Redis连接 ===
2026-03-15 10:05:57.665 [restartedMain] INFO  c.u.v.config.RedisConfig - === 开始加载环境变量到System Property ===
2026-03-15 10:05:57.665 [restartedMain] INFO  c.u.v.config.RedisConfig - 设置环境变量: SPRING_REDIS_HOST=localhost
2026-03-15 10:05:57.665 [restartedMain] INFO  c.u.v.config.RedisConfig - 设置环境变量: SPRING_REDIS_PORT=6379
2026-03-15 10:05:57.665 [restartedMain] INFO  c.u.v.config.RedisConfig - 设置环境变量: SPRING_REDIS_PASSWORD=123456
2026-03-15 10:05:57.666 [restartedMain] INFO  c.u.v.config.RedisConfig - 设置环境变量: SPRING_REDIS_DATABASE=0
2026-03-15 10:05:57.666 [restartedMain] INFO  c.u.v.config.RedisConfig - === 环境变量加载完成 ===
2026-03-15 10:05:57.667 [restartedMain] INFO  c.u.v.config.RedisConfig - RedisConnectionFactory 类型: org.springframework.data.redis.connection.lettuce.LettuceConnectionFactory
2026-03-15 10:05:57.667 [restartedMain] INFO  c.u.v.config.RedisConfig - 尝试连接到Redis服务器...
2026-03-15 10:05:58.537 [restartedMain] INFO  c.u.v.config.RedisConfig - Redis 连接成功: PONG
2026-03-15 10:05:58.538 [restartedMain] INFO  c.u.v.config.RedisConfig - === Redis连接检查完成 ===
2026-03-15 10:06:00.566 [restartedMain] INFO  c.u.v.config.AsyncConfig - 订单任务线程池初始化完成: corePoolSize=10, maxPoolSize=50, queueCapacity=100
2026-03-15 10:06:00.573 [restartedMain] INFO  c.u.v.config.AsyncConfig - 通用任务线程池初始化完成: corePoolSize=5, maxPoolSize=20, queueCapacity=50
2026-03-15 10:06:01.693 [restartedMain] INFO  o.s.b.d.a.OptionalLiveReloadServer - LiveReload server is running on port 35729
2026-03-15 10:06:01.703 [restartedMain] INFO  o.s.b.a.e.web.EndpointLinksResolver - Exposing 5 endpoints beneath base path '/actuator'
2026-03-15 10:06:01.785 [restartedMain] INFO  o.a.coyote.http11.Http11NioProtocol - Starting ProtocolHandler ["http-nio-8082"]
2026-03-15 10:06:01.799 [restartedMain] INFO  o.s.b.w.e.tomcat.TomcatWebServer - Tomcat started on port 8082 (http) with context path '/'
2026-03-15 10:06:01.825 [restartedMain] INFO  c.u.v.VrClassroomBackendApplication - Started VrClassroomBackendApplication in 8.478 seconds (process running for 9.228)
2026-03-15 10:06:02.000 [scheduling-1] INFO  com.zaxxer.hikari.HikariDataSource - HikariPool-1 - Starting...
2026-03-15 10:06:02.299 [scheduling-1] INFO  com.zaxxer.hikari.pool.HikariPool - HikariPool-1 - Added connection com.mysql.cj.jdbc.ConnectionImpl@33a7935c
2026-03-15 10:06:02.310 [scheduling-1] INFO  com.zaxxer.hikari.HikariDataSource - HikariPool-1 - Start completed.
2026-03-15 10:07:38.310 [http-nio-8082-exec-1] INFO  o.a.c.c.C.[Tomcat].[localhost].[/] - Initializing Spring DispatcherServlet 'dispatcherServlet'
2026-03-15 10:07:38.310 [http-nio-8082-exec-1] INFO  o.s.web.servlet.DispatcherServlet - Initializing Servlet 'dispatcherServlet'
2026-03-15 10:07:38.313 [http-nio-8082-exec-1] INFO  o.s.web.servlet.DispatcherServlet - Completed initialization in 2 ms
2026-03-15 10:07:40.003 [http-nio-8082-exec-8] INFO  o.s.api.AbstractOpenApiResource - Init duration for springdoc-openapi is: 1144 ms
2026-03-15 10:07:47.925 [http-nio-8082-exec-3] INFO  c.u.v.m.u.controller.UserController - 获取所有用户信息成功: page=1, pageSize=20
2026-03-15 10:07:51.260 [http-nio-8082-exec-5] INFO  c.u.v.m.a.controller.AdminController - 获取评论列表成功: page=1, status=null
2026-03-15 10:07:51.688 [http-nio-8082-exec-6] INFO  c.u.v.m.s.s.impl.SpaceServiceImpl - 查询所有分类
2026-03-15 10:07:51.693 [http-nio-8082-exec-6] INFO  c.u.v.m.s.controller.SpaceController - 获取分类列表成功: count=10
2026-03-15 10:07:52.056 [http-nio-8082-exec-7] INFO  c.u.v.m.a.controller.AdminController - 获取帖子列表成功: page=1, status=null, categoryId=null, keyword=
2026-03-15 10:08:38.941 [SpringApplicationShutdownHook] INFO  o.s.b.w.e.tomcat.GracefulShutdown - Commencing graceful shutdown. Waiting for active requests to complete
2026-03-15 10:08:40.785 [tomcat-shutdown] INFO  o.s.b.w.e.tomcat.GracefulShutdown - Graceful shutdown complete
2026-03-15 10:08:40.919 [SpringApplicationShutdownHook] INFO  com.zaxxer.hikari.HikariDataSource - HikariPool-1 - Shutdown initiated...
2026-03-15 10:08:40.932 [SpringApplicationShutdownHook] INFO  com.zaxxer.hikari.HikariDataSource - HikariPool-1 - Shutdown completed.
